2025-01-07 10:46:22 - Request Method: POST
2025-01-07 10:46:22 - POST Data: Array
(
    [tipo] => saida
)

2025-01-07 10:46:46 - Request Method: POST
2025-01-07 10:46:46 - POST Data: Array
(
    [tipo] => saida
)

2025-01-07 10:49:08 - Request Method: GET
2025-01-07 10:49:17 - Request Method: POST
2025-01-07 10:49:17 - POST Data: Array
(
    [marcar_ponto] => entrada
)

2025-01-07 10:52:12 - Request Method: POST
2025-01-07 10:52:12 - POST Data: Array
(
    [marcar_ponto] => entrada
)

2025-01-07 10:52:15 - Request Method: POST
2025-01-07 10:52:15 - POST Data: Array
(
    [marcar_ponto] => saida
)

2025-01-07 10:52:16 - Request Method: POST
2025-01-07 10:52:16 - POST Data: Array
(
    [marcar_ponto] => saida
)

2025-01-07 10:52:18 - Request Method: POST
2025-01-07 10:52:18 - POST Data: Array
(
    [marcar_ponto] => entrada
)

2025-01-07 10:52:24 - Request Method: POST
2025-01-07 10:52:24 - POST Data: Array
(
    [marcar_ponto] => entrada
)

2025-01-07 10:53:18 - Request Method: POST
2025-01-07 10:53:18 - POST Data: Array
(
    [marcar_ponto] => entrada
)

2025-01-07 10:53:48 - Request Method: POST
2025-01-07 10:53:48 - POST Data: Array
(
    [marcar_ponto] => entrada
)

2025-01-07 10:54:12 - Request Method: POST
2025-01-07 10:54:12 - POST Data: Array
(
    [marcar_ponto] => entrada
)

2025-01-07 10:59:37 - Request Method: POST
2025-01-07 10:59:37 - POST Data: Array
(
    [marcar_ponto] => entrada
)

2025-01-07 10:59:41 - Request Method: POST
2025-01-07 10:59:41 - POST Data: Array
(
    [marcar_ponto] => entrada
)

2025-01-07 11:01:04 - Request Method: POST
2025-01-07 11:01:04 - POST Data: Array
(
    [marcar_ponto] => entrada
)

2025-01-07 11:02:18 - Request Method: POST
2025-01-07 11:02:18 - POST Data: Array
(
    [marcar_ponto] => entrada
)

2025-01-07 11:02:42 - Request Method: POST
2025-01-07 11:02:42 - POST Data: Array
(
    [marcar_ponto] => entrada
)

2025-01-07 11:03:50 - Request Method: POST
2025-01-07 11:03:50 - POST Data: Array
(
    [marcar_ponto] => entrada
)

2025-01-07 11:04:07 - Request Method: POST
2025-01-07 11:04:07 - POST Data: Array
(
    [marcar_ponto] => entrada
)

2025-01-07 11:06:12 - Request Method: POST
2025-01-07 11:06:12 - POST Data: Array
(
    [marcar_ponto] => saida
)

2025-01-07 11:06:17 - Request Method: POST
2025-01-07 11:06:17 - POST Data: Array
(
    [marcar_ponto] => entrada
)

2025-01-07 11:41:45 - Request Method: POST
2025-01-07 11:41:45 - POST Data: Array
(
    [marcar_ponto] => entrada
)

